(---------------------------------------------------------------------)
(                                                                     )
(    Refresh Padstack                                                 )
(                                                                     )
(    Drawing          : an043_patch_antenna.dra                       )
(    Software Version : 17.2S078                                      )
(    Date/Time        : Thu Apr 20 12:17:41 2023                      )
(                                                                     )
(---------------------------------------------------------------------)


Thu Apr 20 12:17:41 2023				Page     1


------ Pad Stack Refresh Options ------

Input design  = 'C:/SafeLight/MyLib/FOOTPRINTS/an043_patch_antenna.dra'
Output design = ''
Reset symbol text and size locations   = 'NO'


------ Library Paths ------
PSMPATH =  . 
           symbols 
           .. 
           ../symbols 
           c:/cadence/spb_17.2/share/local/pcb/symbols 
           c:/cadence/spb_17.2/share/pcb/pcb_lib/symbols 
           c:/cadence/spb_17.2/share/pcb/allegrolib/symbols 
           L:/Material Second year First semester/Electronic Systems Engineering/PROJECT/LibraryLoader/psm 
           C:/SafeLight/MyLib/FOOTPRINTS/ 

PADPATH =  . 
           symbols 
           .. 
           ../symbols 
           c:/cadence/spb_17.2/share/local/pcb/padstacks 
           c:/cadence/spb_17.2/share/pcb/pcb_lib/symbols 
           c:/cadence/spb_17.2/share/pcb/allegrolib/symbols 
           L:/Material Second year First semester/Electronic Systems Engineering/PROJECT/LibraryLoader/pad 
           C:/SafeLight/MyLib/PADSTACKS/ 


------ Pad Stack Refresh Messages ------

'SMD_RECT_0D5_0D9_ANTENNA'  pad stack refresh starting.

     'SMD_RECT_0D5_0D9_ANTENNA'  pad stack refreshed successfully.
     
'SMD_RECT_0D5_0D5_ANTENNA'  pad stack refresh starting.

     'SMD_RECT_0D5_0D5_ANTENNA'  pad stack refreshed successfully.
     
Completed refreshing all pad stacks successfully.
